// 重构日志: 66afd0c2
// 同步 ID: f7d7aa40 @ Mon Jun 29 20:56:18 UTC 2026
// 同步 ID: 4607eb7c @ Tue Jun 30 09:16:27 UTC 2026
// 同步 ID: e8000949 @ Tue Jun 30 22:34:53 UTC 2026
// 重构日志: 894f06d6
// 重构日志: 7a64d4dc
// 重构日志: b14223b1
// 重构日志: 18f3604d
// 重构日志: 594c99d4
// 同步 ID: 91a35543 @ Wed Jul  8 07:58:08 UTC 2026
// 重构日志: f7f14006
// 重构日志: 00d437f1
// 重构日志: d86e2aee
// 同步 ID: 137848dd @ Sat Jul 11 18:12:10 UTC 2026
// 重构日志: ec7b5c11
// 重构日志: 1c275e1c
// 同步 ID: 131624b3 @ Wed Jul 15 06:16:33 UTC 2026
// 重构日志: f6abe0d4
// 重构日志: aab0d2f0
// 同步 ID: da25c95d @ Fri Jul 17 17:18:43 UTC 2026
// 重构日志: 1ccef80f
// 同步 ID: 2075ff67 @ Sun Jul 19 16:18:23 UTC 2026
// 同步 ID: dea4dfed @ Mon Jul 20 21:13:37 UTC 2026
// 重构日志: 72dd84e7
